<?xml version="1.0" encoding="UTF-8"?>
<testsuite xmlns:xsi="http://www.w3.org/2001/XMLSchema-instance" xsi:noNamespaceSchemaLocation="https://maven.apache.org/surefire/maven-surefire-plugin/xsd/surefire-test-report.xsd" name="TestSuite" time="7.889" tests="22" errors="0" skipped="0" failures="0">
  <properties>
[...]
</properties>
  <testcase name="test" classname="com.lemon.cases.RegisterCase" time="0.856"/>
  <testcase name="test" classname="com.lemon.cases.RegisterCase" time="0.083"/>
  <testcase name="test" classname="com.lemon.cases.RegisterCase" time="0.07"/>
  <testcase name="test" classname="com.lemon.cases.RegisterCase" time="0.081"/>
  <testcase name="test" classname="com.lemon.cases.RegisterCase" time="1.187"/>
  <testcase name="test" classname="com.lemon.cases.RegisterCase" time="0.087"/>
  <testcase name="test" classname="com.lemon.cases.LoginCase" time="0.081"/>
  <testcase name="test" classname="com.lemon.cases.LoginCase" time="0.087"/>
  <testcase name="test" classname="com.lemon.cases.LoginCase" time="0.079"/>
  <testcase name="test" classname="com.lemon.cases.LoginCase" time="0.091"/>
  <testcase name="test" classname="com.lemon.cases.LoginCase" time="0.138"/>
  <testcase name="test" classname="com.lemon.cases.LoginCase" time="0.137"/>
  <testcase name="test" classname="com.lemon.cases.LoginCase" time="0.135"/>
  <testcase name="testCase" classname="com.lemon.cases.ChargeCase1" time="0.077"/>
  <testcase name="testCase" classname="com.lemon.cases.ChargeCase1" time="0.081"/>
  <testcase name="testCase" classname="com.lemon.cases.ChargeCase1" time="0.084"/>
  <testcase name="testCase" classname="com.lemon.cases.ChargeCase1" time="0.083"/>
  <testcase name="testCase" classname="com.lemon.cases.ChargeCase1" time="0.77"/>
  <testcase name="testCase" classname="com.lemon.cases.ChargeCase1" time="0.784"/>
  <testcase name="test" classname="com.lemon.cases.AddCase" time="0.087"/>
  <testcase name="test" classname="com.lemon.cases.AuditCase" time="0.087"/>
  <testcase name="test" classname="com.lemon.cases.InvestCase" time="0.114"/>
</testsuite>