<?xml version="1.0" encoding="UTF-8"?>
<testng-results skipped="0" failed="0" ignored="0" total="22" passed="22">
  <reporter-output>
  </reporter-output>
  <suite name="前程贷项目" duration-ms="6503" started-at="2020-07-08T08:33:41Z" finished-at="2020-07-08T08:33:48Z">
    <groups>
    </groups>
    <test name="注册接口" duration-ms="3220" started-at="2020-07-08T08:33:41Z" finished-at="2020-07-08T08:33:44Z">
      <class name="com.lemon.cases.RegisterCase">
        <test-method status="PASS" signature="beforeClass(int)[pri:0, instance:com.lemon.cases.RegisterCase@4fbda97b]" name="beforeClass" is-config="true" duration-ms="1" started-at="2020-07-08T16:33:41Z" finished-at="2020-07-08T16:33:41Z">
          <params>
            <param index="0">
              <value>
                <![CDATA[0]]>
              </value>
            </param>
          </params>
          <reporter-output>
          </reporter-output>
        </test-method> <!-- beforeClass -->
        <test-method status="PASS" signature="test(com.lemon.pojo.CaseInfo)[pri:0, instance:com.lemon.cases.RegisterCase@4fbda97b]" name="test" duration-ms="820" started-at="2020-07-08T16:33:42Z" data-provider="datas" finished-at="2020-07-08T16:33:43Z">
          <params>
            <param index="0">
              <value>
                <![CDATA[CaseInfo{id=1, name='register', url='http://api.lemonban.com/futureloan/member/register', method='post', params='{"mobile_phone":"19000000000","pwd":""}', contentType='json', expectResult='{"$.code":0,"$.msg":"OK"}', sql='null'}]]>
              </value>
            </param>
          </params>
          <reporter-output>
          </reporter-output>
        </test-method> <!-- test -->
        <test-method status="PASS" signature="test(com.lemon.pojo.CaseInfo)[pri:0, instance:com.lemon.cases.RegisterCase@4fbda97b]" name="test" duration-ms="83" started-at="2020-07-08T16:33:43Z" data-provider="datas" finished-at="2020-07-08T16:33:43Z">
          <params>
            <param index="0">
              <value>
                <![CDATA[CaseInfo{id=2, name='register', url='http://api.lemonban.com/futureloan/member/register', method='post', params='{"mobile_phone":"","pwd":"123456"}', contentType='json', expectResult='{"$.code":0,"$.msg":"OK"}', sql='null'}]]>
              </value>
            </param>
          </params>
          <reporter-output>
          </reporter-output>
        </test-method> <!-- test -->
        <test-method status="PASS" signature="test(com.lemon.pojo.CaseInfo)[pri:0, instance:com.lemon.cases.RegisterCase@4fbda97b]" name="test" duration-ms="69" started-at="2020-07-08T16:33:43Z" data-provider="datas" finished-at="2020-07-08T16:33:43Z">
          <params>
            <param index="0">
              <value>
                <![CDATA[CaseInfo{id=3, name='register', url='http://api.lemonban.com/futureloan/member/register', method='post', params='{"mobile_phone":"123","pwd":"123456123"}', contentType='json', expectResult='{"$.code":0,"$.msg":"OK"}', sql='null'}]]>
              </value>
            </param>
          </params>
          <reporter-output>
          </reporter-output>
        </test-method> <!-- test -->
        <test-method status="PASS" signature="test(com.lemon.pojo.CaseInfo)[pri:0, instance:com.lemon.cases.RegisterCase@4fbda97b]" name="test" duration-ms="79" started-at="2020-07-08T16:33:43Z" data-provider="datas" finished-at="2020-07-08T16:33:43Z">
          <params>
            <param index="0">
              <value>
                <![CDATA[CaseInfo{id=4, name='register', url='http://api.lemonban.com/futureloan/member/register', method='post', params='{"mobile_phone":"19000000000","pwd":"12345"}', contentType='json', expectResult='{"$.code":0,"$.msg":"OK"}', sql='null'}]]>
              </value>
            </param>
          </params>
          <reporter-output>
          </reporter-output>
        </test-method> <!-- test -->
        <test-method status="PASS" signature="test(com.lemon.pojo.CaseInfo)[pri:0, instance:com.lemon.cases.RegisterCase@4fbda97b]" name="test" duration-ms="1185" started-at="2020-07-08T16:33:43Z" data-provider="datas" finished-at="2020-07-08T16:33:44Z">
          <params>
            <param index="0">
              <value>
                <![CDATA[CaseInfo{id=5, name='register', url='http://api.lemonban.com/futureloan/member/register', method='post', params='{"mobile_phone":"18774609323","pwd":"12345678","type":0}', contentType='json', expectResult='{"$.code":0,"$.msg":"OK"}', sql='select count(*) from member a where a.mobile_phone = '18774609323';'}]]>
              </value>
            </param>
          </params>
          <reporter-output>
          </reporter-output>
        </test-method> <!-- test -->
        <test-method status="PASS" signature="test(com.lemon.pojo.CaseInfo)[pri:0, instance:com.lemon.cases.RegisterCase@4fbda97b]" name="test" duration-ms="89" started-at="2020-07-08T16:33:44Z" data-provider="datas" finished-at="2020-07-08T16:33:44Z">
          <params>
            <param index="0">
              <value>
                <![CDATA[CaseInfo{id=6, name='register', url='http://api.lemonban.com/futureloan/member/register', method='post', params='{"mobile_phone":"18774609323","pwd":"12345678"}', contentType='json', expectResult='{"$.code":0,"$.msg":"OK"}', sql='null'}]]>
              </value>
            </param>
          </params>
          <reporter-output>
          </reporter-output>
        </test-method> <!-- test -->
      </class> <!-- com.lemon.cases.RegisterCase -->
    </test> <!-- 注册接口 -->
    <test name="登录接口" duration-ms="687" started-at="2020-07-08T08:33:44Z" finished-at="2020-07-08T08:33:45Z">
      <class name="com.lemon.cases.LoginCase">
        <test-method status="PASS" signature="beforeClass(int)[pri:0, instance:com.lemon.cases.LoginCase@efde75f]" name="beforeClass" is-config="true" duration-ms="0" started-at="2020-07-08T16:33:44Z" finished-at="2020-07-08T16:33:44Z">
          <params>
            <param index="0">
              <value>
                <![CDATA[1]]>
              </value>
            </param>
          </params>
          <reporter-output>
          </reporter-output>
        </test-method> <!-- beforeClass -->
        <test-method status="PASS" signature="test(com.lemon.pojo.CaseInfo)[pri:0, instance:com.lemon.cases.LoginCase@efde75f]" name="test" duration-ms="81" started-at="2020-07-08T16:33:44Z" data-provider="datas" finished-at="2020-07-08T16:33:44Z">
          <params>
            <param index="0">
              <value>
                <![CDATA[CaseInfo{id=1, name='login', url='http://api.lemonban.com/futureloan/member/login', method='post', params='{"mobile_phone":"19000000000","pwd":""}', contentType='json', expectResult='{"$.code":0,"$.msg":"OK"}', sql='null'}]]>
              </value>
            </param>
          </params>
          <reporter-output>
          </reporter-output>
        </test-method> <!-- test -->
        <test-method status="PASS" signature="test(com.lemon.pojo.CaseInfo)[pri:0, instance:com.lemon.cases.LoginCase@efde75f]" name="test" duration-ms="84" started-at="2020-07-08T16:33:44Z" data-provider="datas" finished-at="2020-07-08T16:33:45Z">
          <params>
            <param index="0">
              <value>
                <![CDATA[CaseInfo{id=2, name='login', url='http://api.lemonban.com/futureloan/member/login', method='post', params='{"mobile_phone":"","pwd":"123456"}', contentType='json', expectResult='{"$.code":0,"$.msg":"OK"}', sql='null'}]]>
              </value>
            </param>
          </params>
          <reporter-output>
          </reporter-output>
        </test-method> <!-- test -->
        <test-method status="PASS" signature="test(com.lemon.pojo.CaseInfo)[pri:0, instance:com.lemon.cases.LoginCase@efde75f]" name="test" duration-ms="81" started-at="2020-07-08T16:33:45Z" data-provider="datas" finished-at="2020-07-08T16:33:45Z">
          <params>
            <param index="0">
              <value>
                <![CDATA[CaseInfo{id=3, name='login', url='http://api.lemonban.com/futureloan/member/login', method='post', params='{"mobile_phone":"123","pwd":"123456123"}', contentType='json', expectResult='{"$.code":0,"$.msg":"OK"}', sql='null'}]]>
              </value>
            </param>
          </params>
          <reporter-output>
          </reporter-output>
        </test-method> <!-- test -->
        <test-method status="PASS" signature="test(com.lemon.pojo.CaseInfo)[pri:0, instance:com.lemon.cases.LoginCase@efde75f]" name="test" duration-ms="88" started-at="2020-07-08T16:33:45Z" data-provider="datas" finished-at="2020-07-08T16:33:45Z">
          <params>
            <param index="0">
              <value>
                <![CDATA[CaseInfo{id=4, name='login', url='http://api.lemonban.com/futureloan/member/login', method='post', params='{"mobile_phone}":"13212312312","pwd":"123123123"}', contentType='json', expectResult='{"$.code":0,"$.msg":"OK"}', sql='null'}]]>
              </value>
            </param>
          </params>
          <reporter-output>
          </reporter-output>
        </test-method> <!-- test -->
        <test-method status="PASS" signature="test(com.lemon.pojo.CaseInfo)[pri:0, instance:com.lemon.cases.LoginCase@efde75f]" name="test" duration-ms="140" started-at="2020-07-08T16:33:45Z" data-provider="datas" finished-at="2020-07-08T16:33:45Z">
          <params>
            <param index="0">
              <value>
                <![CDATA[CaseInfo{id=5, name='login', url='http://api.lemonban.com/futureloan/member/login', method='post', params='{"mobile_phone":"18774609323","pwd":"12345678"}', contentType='json', expectResult='{"$.code":0,"$.msg":"OK"}', sql='null'}]]>
              </value>
            </param>
          </params>
          <reporter-output>
          </reporter-output>
        </test-method> <!-- test -->
        <test-method status="PASS" signature="test(com.lemon.pojo.CaseInfo)[pri:0, instance:com.lemon.cases.LoginCase@efde75f]" name="test" duration-ms="136" started-at="2020-07-08T16:33:45Z" data-provider="datas" finished-at="2020-07-08T16:33:45Z">
          <params>
            <param index="0">
              <value>
                <![CDATA[CaseInfo{id=6, name='login', url='http://api.lemonban.com/futureloan/member/login', method='post', params='{"mobile_phone":"18774609323","pwd":"12345678"}', contentType='json', expectResult='{"$.code":0,"$.msg":"OK","$.data.mobile_phone":"15670890431"}', sql='null'}]]>
              </value>
            </param>
          </params>
          <reporter-output>
          </reporter-output>
        </test-method> <!-- test -->
      </class> <!-- com.lemon.cases.LoginCase -->
    </test> <!-- 登录接口 -->
    <test name="充值接口" duration-ms="1931" started-at="2020-07-08T08:33:45Z" finished-at="2020-07-08T08:33:47Z">
      <class name="com.lemon.cases.ChargeCase1">
        <test-method status="PASS" signature="beforeClass(int)[pri:0, instance:com.lemon.cases.ChargeCase1@12bfd80d]" name="beforeClass" is-config="true" duration-ms="0" started-at="2020-07-08T16:33:45Z" finished-at="2020-07-08T16:33:45Z">
          <params>
            <param index="0">
              <value>
                <![CDATA[2]]>
              </value>
            </param>
          </params>
          <reporter-output>
          </reporter-output>
        </test-method> <!-- beforeClass -->
        <test-method status="PASS" signature="testCase(com.lemon.pojo.CaseInfo)[pri:0, instance:com.lemon.cases.ChargeCase1@12bfd80d]" name="testCase" duration-ms="77" started-at="2020-07-08T16:33:45Z" data-provider="datas" finished-at="2020-07-08T16:33:45Z">
          <params>
            <param index="0">
              <value>
                <![CDATA[CaseInfo{id=1, name='recharge', url='http://api.lemonban.com/futureloan/member/recharge', method='post', params='{"member_id":"-1","amount":"6300"}', contentType='json', expectResult='{"$.code":0,"$.msg":"OK"}', sql='null'}]]>
              </value>
            </param>
          </params>
          <reporter-output>
          </reporter-output>
        </test-method> <!-- testCase -->
        <test-method status="PASS" signature="testCase(com.lemon.pojo.CaseInfo)[pri:0, instance:com.lemon.cases.ChargeCase1@12bfd80d]" name="testCase" duration-ms="80" started-at="2020-07-08T16:33:45Z" data-provider="datas" finished-at="2020-07-08T16:33:45Z">
          <params>
            <param index="0">
              <value>
                <![CDATA[CaseInfo{id=2, name='recharge', url='http://api.lemonban.com/futureloan/member/recharge', method='post', params='{"member_id":"215223","amount":"1116300"}', contentType='json', expectResult='{"$.code":0,"$.msg":"OK"}', sql='null'}]]>
              </value>
            </param>
          </params>
          <reporter-output>
          </reporter-output>
        </test-method> <!-- testCase -->
        <test-method status="PASS" signature="testCase(com.lemon.pojo.CaseInfo)[pri:0, instance:com.lemon.cases.ChargeCase1@12bfd80d]" name="testCase" duration-ms="83" started-at="2020-07-08T16:33:45Z" data-provider="datas" finished-at="2020-07-08T16:33:45Z">
          <params>
            <param index="0">
              <value>
                <![CDATA[CaseInfo{id=3, name='recharge', url='http://api.lemonban.com/futureloan/member/recharge', method='post', params='{"member_id":"215223","amount":"-6300"}', contentType='json', expectResult='{"$.code":0,"$.msg":"OK"}', sql='null'}]]>
              </value>
            </param>
          </params>
          <reporter-output>
          </reporter-output>
        </test-method> <!-- testCase -->
        <test-method status="PASS" signature="testCase(com.lemon.pojo.CaseInfo)[pri:0, instance:com.lemon.cases.ChargeCase1@12bfd80d]" name="testCase" duration-ms="83" started-at="2020-07-08T16:33:45Z" data-provider="datas" finished-at="2020-07-08T16:33:45Z">
          <params>
            <param index="0">
              <value>
                <![CDATA[CaseInfo{id=4, name='recharge', url='http://api.lemonban.com/futureloan/member/recharge', method='post', params='{"member_id":"215223","amount":"SSS"}', contentType='json', expectResult='{"$.code":0,"$.msg":"OK"}', sql='null'}]]>
              </value>
            </param>
          </params>
          <reporter-output>
          </reporter-output>
        </test-method> <!-- testCase -->
        <test-method status="PASS" signature="testCase(com.lemon.pojo.CaseInfo)[pri:0, instance:com.lemon.cases.ChargeCase1@12bfd80d]" name="testCase" duration-ms="767" started-at="2020-07-08T16:33:45Z" data-provider="datas" finished-at="2020-07-08T16:33:46Z">
          <params>
            <param index="0">
              <value>
                <![CDATA[CaseInfo{id=5, name='recharge', url='http://api.lemonban.com/futureloan/member/recharge', method='post', params='{"member_id":"215223","amount":"3500"}', contentType='json', expectResult='{"$.code":0,"$.msg":"OK","$.data.id":215223}', sql='select leave_amount from  member  where id = 215223;'}]]>
              </value>
            </param>
          </params>
          <reporter-output>
          </reporter-output>
        </test-method> <!-- testCase -->
        <test-method status="PASS" signature="testCase(com.lemon.pojo.CaseInfo)[pri:0, instance:com.lemon.cases.ChargeCase1@12bfd80d]" name="testCase" duration-ms="781" started-at="2020-07-08T16:33:46Z" data-provider="datas" finished-at="2020-07-08T16:33:47Z">
          <params>
            <param index="0">
              <value>
                <![CDATA[CaseInfo{id=6, name='recharge', url='http://api.lemonban.com/futureloan/member/recharge', method='post', params='{"member_id":"215223","amount":"3500"}', contentType='json', expectResult='{"$.code":0,"$.msg":"OK","$.data.id":215223}', sql='select leave_amount from  member  where id = 215223;'}]]>
              </value>
            </param>
          </params>
          <reporter-output>
          </reporter-output>
        </test-method> <!-- testCase -->
      </class> <!-- com.lemon.cases.ChargeCase1 -->
    </test> <!-- 充值接口 -->
    <test name="新增项目" duration-ms="163" started-at="2020-07-08T08:33:47Z" finished-at="2020-07-08T08:33:47Z">
      <class name="com.lemon.cases.AddCase">
        <test-method status="PASS" signature="beforeClass(int)[pri:0, instance:com.lemon.cases.AddCase@5b40ceb]" name="beforeClass" is-config="true" duration-ms="1" started-at="2020-07-08T16:33:47Z" finished-at="2020-07-08T16:33:47Z">
          <params>
            <param index="0">
              <value>
                <![CDATA[3]]>
              </value>
            </param>
          </params>
          <reporter-output>
          </reporter-output>
        </test-method> <!-- beforeClass -->
        <test-method status="PASS" signature="test(com.lemon.pojo.CaseInfo)[pri:0, instance:com.lemon.cases.AddCase@5b40ceb]" name="test" duration-ms="88" started-at="2020-07-08T16:33:47Z" data-provider="datas" finished-at="2020-07-08T16:33:47Z">
          <params>
            <param index="0">
              <value>
                <![CDATA[CaseInfo{id=1, name='add', url='http://api.lemonban.com/futureloan/loan/add', method='post', params='{ "member_id":215223, "title":"报名 Java 全栈自动化课程", "amount":6300.00, "loan_rate":12.0, "loan_term":12, "loan_date_type":1, "bidding_days":5 }', contentType='json', expectResult='{"$.code":0,"$.msg":"OK"}', sql='null'}]]>
              </value>
            </param>
          </params>
          <reporter-output>
          </reporter-output>
        </test-method> <!-- test -->
      </class> <!-- com.lemon.cases.AddCase -->
    </test> <!-- 新增项目 -->
    <test name="管理员登录" duration-ms="171" started-at="2020-07-08T08:33:47Z" finished-at="2020-07-08T08:33:47Z">
      <class name="com.lemon.cases.LoginCase">
        <test-method status="PASS" signature="beforeClass(int)[pri:0, instance:com.lemon.cases.LoginCase@285c08c8]" name="beforeClass" is-config="true" duration-ms="0" started-at="2020-07-08T16:33:47Z" finished-at="2020-07-08T16:33:47Z">
          <params>
            <param index="0">
              <value>
                <![CDATA[4]]>
              </value>
            </param>
          </params>
          <reporter-output>
          </reporter-output>
        </test-method> <!-- beforeClass -->
        <test-method status="PASS" signature="test(com.lemon.pojo.CaseInfo)[pri:0, instance:com.lemon.cases.LoginCase@285c08c8]" name="test" duration-ms="134" started-at="2020-07-08T16:33:47Z" data-provider="datas" finished-at="2020-07-08T16:33:47Z">
          <params>
            <param index="0">
              <value>
                <![CDATA[CaseInfo{id=1, name='login', url='http://api.lemonban.com/futureloan/member/login', method='post', params='{"mobile_phone":"18774609321","pwd":"12345678"}', contentType='json', expectResult='{"$.code":0,"$.msg":"OK"}', sql='null'}]]>
              </value>
            </param>
          </params>
          <reporter-output>
          </reporter-output>
        </test-method> <!-- test -->
      </class> <!-- com.lemon.cases.LoginCase -->
    </test> <!-- 管理员登录 -->
    <test name="审核项目" duration-ms="119" started-at="2020-07-08T08:33:47Z" finished-at="2020-07-08T08:33:47Z">
      <class name="com.lemon.cases.AuditCase">
        <test-method status="PASS" signature="beforeClass(int)[pri:0, instance:com.lemon.cases.AuditCase@2ece4966]" name="beforeClass" is-config="true" duration-ms="0" started-at="2020-07-08T16:33:47Z" finished-at="2020-07-08T16:33:47Z">
          <params>
            <param index="0">
              <value>
                <![CDATA[5]]>
              </value>
            </param>
          </params>
          <reporter-output>
          </reporter-output>
        </test-method> <!-- beforeClass -->
        <test-method status="PASS" signature="test(com.lemon.pojo.CaseInfo)[pri:0, instance:com.lemon.cases.AuditCase@2ece4966]" name="test" duration-ms="87" started-at="2020-07-08T16:33:47Z" data-provider="datas" finished-at="2020-07-08T16:33:47Z">
          <params>
            <param index="0">
              <value>
                <![CDATA[CaseInfo{id=1, name='audit', url='http://api.lemonban.com/futureloan/loan/audit', method='PATCH', params='{ "loan_id": 1307078, "approved_or_not": true }', contentType='json', expectResult='{"$.code":0,"$.msg":"OK"}', sql='null'}]]>
              </value>
            </param>
          </params>
          <reporter-output>
          </reporter-output>
        </test-method> <!-- test -->
      </class> <!-- com.lemon.cases.AuditCase -->
    </test> <!-- 审核项目 -->
    <test name="投资" duration-ms="141" started-at="2020-07-08T08:33:47Z" finished-at="2020-07-08T08:33:48Z">
      <class name="com.lemon.cases.InvestCase">
        <test-method status="PASS" signature="init()[pri:0, instance:com.lemon.cases.InvestCase@5b11a194]" name="init" is-config="true" duration-ms="29" started-at="2020-07-08T16:33:41Z" finished-at="2020-07-08T16:33:41Z">
          <reporter-output>
          </reporter-output>
        </test-method> <!-- init -->
        <test-method status="PASS" signature="beforeClass(int)[pri:0, instance:com.lemon.cases.InvestCase@5b11a194]" name="beforeClass" is-config="true" duration-ms="0" started-at="2020-07-08T16:33:47Z" finished-at="2020-07-08T16:33:47Z">
          <params>
            <param index="0">
              <value>
                <![CDATA[6]]>
              </value>
            </param>
          </params>
          <reporter-output>
          </reporter-output>
        </test-method> <!-- beforeClass -->
        <test-method status="PASS" signature="test(com.lemon.pojo.CaseInfo)[pri:0, instance:com.lemon.cases.InvestCase@5b11a194]" name="test" duration-ms="114" started-at="2020-07-08T16:33:47Z" data-provider="datas" finished-at="2020-07-08T16:33:48Z">
          <params>
            <param index="0">
              <value>
                <![CDATA[CaseInfo{id=1, name='invest', url='http://api.lemonban.com/futureloan/member/invest', method='post', params='{"member_id":215199,"loan_id":1307078,"amount":6300.00} ', contentType='json', expectResult='{"$.code":0,"$.msg":"OK"}', sql='null'}]]>
              </value>
            </param>
          </params>
          <reporter-output>
          </reporter-output>
        </test-method> <!-- test -->
        <test-method status="PASS" signature="finish()[pri:0, instance:com.lemon.cases.InvestCase@5b11a194]" name="finish" is-config="true" duration-ms="239" started-at="2020-07-08T16:33:48Z" finished-at="2020-07-08T16:33:48Z">
          <reporter-output>
          </reporter-output>
        </test-method> <!-- finish -->
      </class> <!-- com.lemon.cases.InvestCase -->
    </test> <!-- 投资 -->
  </suite> <!-- 前程贷项目 -->
</testng-results>
