<?xml version="1.0" encoding="UTF-8"?>
<testng-results skipped="0" failed="0" ignored="0" total="1" passed="1">
  <reporter-output>
  </reporter-output>
  <suite name="Command line suite" duration-ms="85" started-at="2020-06-16T07:26:12Z" finished-at="2020-06-16T07:26:12Z">
    <groups>
    </groups>
    <test name="Command line test" duration-ms="85" started-at="2020-06-16T07:26:12Z" finished-at="2020-06-16T07:26:12Z">
      <class name="FastJsonDemo.TestPerson_fastjson">
        <test-method status="PASS" signature="setUp()[pri:0, instance:FastJsonDemo.TestPerson_fastjson@7a79be86]" name="setUp" is-config="true" duration-ms="6" started-at="2020-06-16T15:26:12Z" finished-at="2020-06-16T15:26:12Z">
          <reporter-output>
          </reporter-output>
        </test-method> <!-- setUp -->
        <test-method status="PASS" signature="whenJavaList_thanConvertToJsonCorrect()[pri:0, instance:FastJsonDemo.TestPerson_fastjson@7a79be86]" name="whenJavaList_thanConvertToJsonCorrect" duration-ms="67" started-at="2020-06-16T15:26:12Z" finished-at="2020-06-16T15:26:12Z">
          <reporter-output>
          </reporter-output>
        </test-method> <!-- whenJavaList_thanConvertToJsonCorrect -->
      </class> <!-- FastJsonDemo.TestPerson_fastjson -->
    </test> <!-- Command line test -->
  </suite> <!-- Command line suite -->
</testng-results>
