<?xml version="1.0" encoding="UTF-8"?>
<!-- Generated by org.testng.reporters.JUnitXMLReporter -->
<testsuite hostname="LAPTOP-SCOTT" ignored="0" name="充值接口" tests="6" failures="0" timestamp="08 七月 2020 08:33:47 GMT" time="1.931" errors="0">
  <testcase name="testCase" time="0.077" classname="com.lemon.cases.ChargeCase1"/>
  <testcase name="testCase" time="0.08" classname="com.lemon.cases.ChargeCase1"/>
  <testcase name="testCase" time="0.083" classname="com.lemon.cases.ChargeCase1"/>
  <testcase name="testCase" time="0.083" classname="com.lemon.cases.ChargeCase1"/>
  <testcase name="testCase" time="0.767" classname="com.lemon.cases.ChargeCase1"/>
  <testcase name="testCase" time="0.781" classname="com.lemon.cases.ChargeCase1"/>
</testsuite> <!-- 充值接口 -->
