<?xml version="1.0" encoding="UTF-8"?>
<!-- Generated by org.testng.reporters.JUnitXMLReporter -->
<testsuite hostname="LAPTOP-SCOTT" ignored="0" name="注册接口" tests="6" failures="0" timestamp="08 七月 2020 08:33:44 GMT" time="3.22" errors="0">
  <testcase name="test" time="0.82" classname="com.lemon.cases.RegisterCase"/>
  <testcase name="test" time="0.083" classname="com.lemon.cases.RegisterCase"/>
  <testcase name="test" time="0.069" classname="com.lemon.cases.RegisterCase"/>
  <testcase name="test" time="0.079" classname="com.lemon.cases.RegisterCase"/>
  <testcase name="test" time="1.185" classname="com.lemon.cases.RegisterCase"/>
  <testcase name="test" time="0.089" classname="com.lemon.cases.RegisterCase"/>
</testsuite> <!-- 注册接口 -->
