<?xml version="1.0" encoding="UTF-8"?>
<!-- Generated by org.testng.reporters.JUnitXMLReporter -->
<testsuite hostname="LAPTOP-SCOTT" ignored="0" name="登录接口" tests="6" failures="0" timestamp="08 七月 2020 08:33:45 GMT" time="0.687" errors="0">
  <testcase name="test" time="0.081" classname="com.lemon.cases.LoginCase"/>
  <testcase name="test" time="0.084" classname="com.lemon.cases.LoginCase"/>
  <testcase name="test" time="0.081" classname="com.lemon.cases.LoginCase"/>
  <testcase name="test" time="0.088" classname="com.lemon.cases.LoginCase"/>
  <testcase name="test" time="0.14" classname="com.lemon.cases.LoginCase"/>
  <testcase name="test" time="0.136" classname="com.lemon.cases.LoginCase"/>
</testsuite> <!-- 登录接口 -->
