<?xml version="1.0" encoding="UTF-8"?>
<!-- Generated by org.testng.reporters.JUnitXMLReporter -->
<testsuite hostname="LAPTOP-SCOTT" ignored="0" name="注册接口" tests="6" failures="0" timestamp="05 七月 2020 10:00:52 GMT" time="3.511" errors="0">
  <testcase name="test" time="0.858" classname="com.lemon.cases.RegisterCase"/>
  <testcase name="test" time="0.102" classname="com.lemon.cases.RegisterCase"/>
  <testcase name="test" time="0.09" classname="com.lemon.cases.RegisterCase"/>
  <testcase name="test" time="0.084" classname="com.lemon.cases.RegisterCase"/>
  <testcase name="test" time="1.334" classname="com.lemon.cases.RegisterCase"/>
  <testcase name="test" time="0.098" classname="com.lemon.cases.RegisterCase"/>
</testsuite> <!-- 注册接口 -->
