<?xml version="1.0" encoding="UTF-8"?>
<!-- Generated by org.testng.reporters.JUnitXMLReporter -->
<testsuite hostname="LAPTOP-SCOTT" ignored="0" name="登录接口" tests="6" failures="0" timestamp="05 七月 2020 10:00:53 GMT" time="0.685" errors="0">
  <testcase name="test" time="0.09" classname="com.lemon.cases.LoginCase"/>
  <testcase name="test" time="0.114" classname="com.lemon.cases.LoginCase"/>
  <testcase name="test" time="0.08" classname="com.lemon.cases.LoginCase"/>
  <testcase name="test" time="0.093" classname="com.lemon.cases.LoginCase"/>
  <testcase name="test" time="0.138" classname="com.lemon.cases.LoginCase"/>
  <testcase name="test" time="0.089" classname="com.lemon.cases.LoginCase"/>
</testsuite> <!-- 登录接口 -->
